.000112943 0.000103021 1.69208e-06 63.88487872 63.72326784 55.0381697
.00185499 0.0017297 0.000172499 62.19360432 61.70855682 53.4020104
.00334367 0.00328623 0.000560588 61.53368201 60.68005071 52.8049352
.00454531 0.00477296 0.00112957 61.38088801 60.1294811 52.6907965
.00547755 0.00618119 0.00179527 61.53106588 59.85133661 52.8615131
.00613404 0.00741825 0.00255825 61.88575068 59.82462419 53.214180
.00654118 0.00854556 0.00331197 62.41947537 59.93432621 53.737576
.00671522 0.00943295 0.0040375 63.0513628 60.20371936 54.347679
.00669901 0.0100954 0.00470977 63.77228969 60.61545192 55.0400540
.00656853 0.0105247 0.00525995 64.46786913 61.07568798 55.7072257
.00635017 0.0106411 0.00567188 64.15370149 60.73026847 55.4209156
.00605896 0.0104921 0.00597209 61.60082586 58.30949199 53.0125064
.00580853 0.0100319 0.00611638 57.44768514 54.43544589 49.1467779
.00555604 0.00924519 0.00616451 51.48538742 48.91315124 43.6382059
.00544375 0.00821138 0.00610715 44.79968332 42.81025446 37.4727771
.0054186 0.00686272 0.00595914 37.25929084 36.06963064 30.5599973
.00556073 0.00526707 0.00574895 30.14364515 30.05605451 24.0849909
.00582574 0.00347694 0.00550513 27.24191302 28.57441595 21.791315
.0062756 0.00149073 0.00529523 27.85986093 30.82022025 22.9719580
.00687156 -0.000575769 0.00509788 29.13763572 33.83950113 24.7675027
.00758605 -0.00273558 0.00493956 30.89130893 37.46145509 27.0060073
.00844953 -0.00482789 0.00484279 33.40886827 41.86497968 29.8958253
.00938179 -0.00686797 0.00478149 37.06030048 47.58312849 34.084947
.0103155 -0.00876907 0.00476246 40.86671377 53.51553356 38.6291680
.0112656 -0.010425 0.0047935 44.47942306 59.03924959 42.8185460
.0121268 -0.0118092 0.00486811 47.63398643 63.83185527 46.4110738
.0128739 -0.0128853 0.00493365 50.4441685 67.95890266 49.5427433
.0134066 -0.0136444 0.00501036 52.33936169 70.78456369 51.6450790
.0137432 -0.0139757 0.00508771 53.58205693 72.46883486 52.9098691
.0137596 -0.0139897 0.00511057 53.58212176 72.4839677 52.8939445
.0128628 -0.0129563 0.00503281 49.2152316 66.70114208 48.2991661
.0118932 -0.0120238 0.00489173 44.5648004 60.71864296 43.5596459
.0105533 -0.0108466 0.00468706 38.11417622 52.54530183 37.0614641
.00892466 -0.00950912 0.00440913 30.30232078 42.7427183 29.2723049
.00700755 -0.00808891 0.00406267 21.06702253 31.32499517 20.1679342
.00485108 -0.00665972 0.00365629 10.58981233 18.56749844 9.9433462
.00256838 -0.0052844 0.00317453 0.59504531 6.55185104 0.6389928
.000177884 -0.00406764 0.00268508 -9.97974335 -5.92524628 -9.0971413
0.0022316 -0.00297821 0.00215553 -20.73142942 -18.50069511 -18.9443149
0.00456225 -0.00213123 0.00161589 -30.27785191 -29.66069125 -27.649972
0.0067477 -0.00150894 0.00106602 -33.10777076 -33.70390078 -30.1546892
0.00872415 -0.00114322 0.000533806 -33.49116749 -35.05530405 -30.1470129
0.0104445 -0.000988895 1.65559e-07 -34.2572889 -36.60370187 -30.4993042
0.0118309 -0.00112169 -0.000444652 -31.93587724 -35.61713161 -27.9456122
0.0129138 -0.00141026 -0.000907034 -29.62613006 -33.7758947 -25.4300910
0.0135908 -0.00189313 -0.00131624 -28.97545476 -33.31025712 -24.5005336
0.0139458 -0.00250567 -0.00164914 -29.47478519 -33.76981414 -24.6908210
0.0139615 -0.00320024 -0.00200591 -30.48190284 -34.57301517 -25.3850203
0.013648 -0.00397612 -0.00228278 -31.75389863 -35.32697476 -26.3875274
0.0130419 -0.00474281 -0.00253914 -32.61060558 -35.57756892 -27.0525721
0.0121994 -0.00551336 -0.00277998 -31.94990466 -33.95498125 -25.8957086
0.0111818 -0.00627226 -0.00302304 -28.51730394 -29.5273403 -21.965905
0.010005 -0.00694964 -0.00325696 -23.95916583 -23.95765033 -16.9724765
0.00870765 -0.00755728 -0.00350514 -18.83678495 -17.79953468 -11.4438013
0.00736894 -0.00805463 -0.00369612 -13.69933729 -11.6678297 -5.9869550
0.00598994 -0.00844439 -0.00391285 -8.19695735 -5.20019146 -0.1909480
0.0046506 -0.00869607 -0.00415184 -2.60056298 1.2729436 5.6638085
0.00333331 -0.00879792 -0.00429948 2.61648563 7.27424564 11.0211093
0.00209175 -0.00871887 -0.00442744 8.1323704 13.42533173 16.5310530
0.000961174 -0.00850987 -0.00449332 13.56247187 19.34239539 21.8123974

